app/build/intermediates/manifest_merge_blame_file/debug/manifest-merger-blame-debug-report.txt
1<?xml version="1.0" encoding="utf-8"?>
2<manifest xmlns:android="http://schemas.android.com/apk/res/android"
3    package="com.hankim.smokingarea"
4    android:versionCode="1"
5    android:versionName="1.0" >
6
7    <uses-sdk
8        android:minSdkVersion="21"
8-->src/main/AndroidManifest.xml
9        android:targetSdkVersion="32" />
9-->src/main/AndroidManifest.xml
10
11    <uses-permission android:name="android.permission.ACCESS_FINE_LOCATION" />
11-->src/main/AndroidManifest.xml:5:5-79
11-->src/main/AndroidManifest.xml:5:22-76
12    <uses-permission android:name="android.permission.ACCESS_COARSE_LOCATION" />
12-->src/main/AndroidManifest.xml:6:5-81
12-->src/main/AndroidManifest.xml:6:22-78
13    <uses-permission android:name="android.permission.INTERNET" />
13-->src/main/AndroidManifest.xml:7:5-67
13-->src/main/AndroidManifest.xml:7:22-64
14
15    <uses-feature
15-->[com.naver.maps:map-sdk:3.16.1] AndroidManifest.xml:9:5-11:35
16        android:glEsVersion="0x00020000"
16-->[com.naver.maps:map-sdk:3.16.1] AndroidManifest.xml:10:9-41
17        android:required="true" />
17-->[com.naver.maps:map-sdk:3.16.1] AndroidManifest.xml:11:9-32
18    <uses-feature
18-->[com.naver.maps:map-sdk:3.16.1] AndroidManifest.xml:12:5-14:36
19        android:name="android.hardware.wifi"
19-->[com.naver.maps:map-sdk:3.16.1] AndroidManifest.xml:13:9-45
20        android:required="false" />
20-->[com.naver.maps:map-sdk:3.16.1] AndroidManifest.xml:14:9-33
21
22    <uses-permission android:name="android.permission.ACCESS_NETWORK_STATE" />
22-->[com.naver.maps:map-sdk:3.16.1] AndroidManifest.xml:17:5-79
22-->[com.naver.maps:map-sdk:3.16.1] AndroidManifest.xml:17:22-76
23    <uses-permission android:name="android.permission.ACCESS_WIFI_STATE" />
23-->[com.naver.maps:map-sdk:3.16.1] AndroidManifest.xml:18:5-76
23-->[com.naver.maps:map-sdk:3.16.1] AndroidManifest.xml:18:22-73
24
25    <queries>
25-->[com.google.android.gms:play-services-maps:18.1.0] AndroidManifest.xml:30:5-34:15
26
27        <!-- Needs to be explicitly declared on Android R+ -->
28        <package android:name="com.google.android.apps.maps" />
28-->[com.google.android.gms:play-services-maps:18.1.0] AndroidManifest.xml:33:9-64
28-->[com.google.android.gms:play-services-maps:18.1.0] AndroidManifest.xml:33:18-61
29        <package android:name="com.kakao.talk" />
29-->[com.kakao.sdk:v2-common:2.12.1] AndroidManifest.xml:10:9-50
29-->[com.kakao.sdk:v2-common:2.12.1] AndroidManifest.xml:10:18-47
30        <package android:name="com.kakao.talk.alpha" />
30-->[com.kakao.sdk:v2-common:2.12.1] AndroidManifest.xml:11:9-56
30-->[com.kakao.sdk:v2-common:2.12.1] AndroidManifest.xml:11:18-53
31        <package android:name="com.kakao.talk.sandbox" />
31-->[com.kakao.sdk:v2-common:2.12.1] AndroidManifest.xml:12:9-58
31-->[com.kakao.sdk:v2-common:2.12.1] AndroidManifest.xml:12:18-55
32        <package android:name="com.kakao.onetalk" />
32-->[com.kakao.sdk:v2-common:2.12.1] AndroidManifest.xml:13:9-53
32-->[com.kakao.sdk:v2-common:2.12.1] AndroidManifest.xml:13:18-50
33
34        <intent>
34-->[com.kakao.sdk:v2-common:2.12.1] AndroidManifest.xml:15:9-21:18
35            <action android:name="android.intent.action.VIEW" />
35-->src/main/AndroidManifest.xml:57:17-69
35-->src/main/AndroidManifest.xml:57:25-66
36
37            <category android:name="android.intent.category.BROWSABLE" />
37-->src/main/AndroidManifest.xml:60:17-78
37-->src/main/AndroidManifest.xml:60:27-75
38
39            <data android:scheme="https" />
39-->src/main/AndroidManifest.xml:62:17-64:73
39-->src/main/AndroidManifest.xml:64:21-70
40        </intent>
41    </queries>
42
43    <uses-permission android:name="android.permission.WAKE_LOCK" />
43-->[com.google.android.gms:play-services-measurement-api:21.2.0] AndroidManifest.xml:24:5-68
43-->[com.google.android.gms:play-services-measurement-api:21.2.0] AndroidManifest.xml:24:22-65
44    <uses-permission android:name="com.google.android.gms.permission.AD_ID" />
44-->[com.google.android.gms:play-services-measurement-api:21.2.0] AndroidManifest.xml:25:5-79
44-->[com.google.android.gms:play-services-measurement-api:21.2.0] AndroidManifest.xml:25:22-76
45    <uses-permission android:name="com.google.android.finsky.permission.BIND_GET_INSTALL_REFERRER_SERVICE" />
45-->[com.google.android.gms:play-services-measurement:21.2.0] AndroidManifest.xml:26:5-110
45-->[com.google.android.gms:play-services-measurement:21.2.0] AndroidManifest.xml:26:22-107
46
47    <application
47-->src/main/AndroidManifest.xml:10:5-67:19
48        android:name="com.hankim.smokingarea.InitApp"
48-->src/main/AndroidManifest.xml:11:9-32
49        android:allowBackup="false"
49-->src/main/AndroidManifest.xml:12:9-36
50        android:appComponentFactory="androidx.core.app.CoreComponentFactory"
50-->[androidx.core:core:1.8.0] AndroidManifest.xml:24:18-86
51        android:dataExtractionRules="@xml/data_extraction_rules"
51-->src/main/AndroidManifest.xml:13:9-65
52        android:debuggable="true"
53        android:fullBackupContent="@xml/backup_rules"
53-->src/main/AndroidManifest.xml:14:9-54
54        android:icon="@mipmap/ic_launcher"
54-->src/main/AndroidManifest.xml:15:9-43
55        android:label="@string/app_name"
55-->src/main/AndroidManifest.xml:16:9-41
56        android:roundIcon="@mipmap/ic_launcher_round"
56-->src/main/AndroidManifest.xml:17:9-54
57        android:supportsRtl="true"
57-->src/main/AndroidManifest.xml:18:9-35
58        android:testOnly="true"
59        android:theme="@style/Theme.SmokingArea" >
59-->src/main/AndroidManifest.xml:19:9-49
60        <meta-data
60-->src/main/AndroidManifest.xml:22:9-24:60
61            android:name="com.naver.maps.map.CLIENT_ID"
61-->src/main/AndroidManifest.xml:23:13-56
62            android:value="@string/naver_maps_client_id" />
62-->src/main/AndroidManifest.xml:24:13-57
63
64        <!-- First Viewer -->
65        <activity
65-->src/main/AndroidManifest.xml:27:9-40:20
66            android:name="com.hankim.smokingarea.ui.SplashActivity"
66-->src/main/AndroidManifest.xml:28:13-46
67            android:exported="true"
67-->src/main/AndroidManifest.xml:29:13-36
68            android:theme="@style/Theme.SmokingArea.Splash" >
68-->src/main/AndroidManifest.xml:30:13-60
69            <intent-filter>
69-->src/main/AndroidManifest.xml:31:13-35:29
70                <action android:name="android.intent.action.MAIN" />
70-->src/main/AndroidManifest.xml:32:17-69
70-->src/main/AndroidManifest.xml:32:25-66
71
72                <category android:name="android.intent.category.LAUNCHER" />
72-->src/main/AndroidManifest.xml:34:17-77
72-->src/main/AndroidManifest.xml:34:27-74
73            </intent-filter>
74
75            <meta-data
75-->src/main/AndroidManifest.xml:37:13-39:36
76                android:name="android.app.lib_name"
76-->src/main/AndroidManifest.xml:38:17-52
77                android:value="" />
77-->src/main/AndroidManifest.xml:39:17-33
78        </activity>
79        <!-- Second Viewer -->
80        <activity
80-->src/main/AndroidManifest.xml:42:9-44:40
81            android:name="com.hankim.smokingarea.ui.LoginActivity"
81-->src/main/AndroidManifest.xml:43:13-45
82            android:exported="false" />
82-->src/main/AndroidManifest.xml:44:13-37
83        <activity
83-->src/main/AndroidManifest.xml:46:9-48:40
84            android:name="com.hankim.smokingarea.ui.MainActivity"
84-->src/main/AndroidManifest.xml:47:13-44
85            android:exported="false" />
85-->src/main/AndroidManifest.xml:48:13-37
86        <activity android:name="com.hankim.smokingarea.home.AddSmokersActivity" />
86-->src/main/AndroidManifest.xml:50:9-61
86-->src/main/AndroidManifest.xml:50:19-58
87        <activity
87-->src/main/AndroidManifest.xml:52:9-66:20
88            android:name="com.kakao.sdk.auth.AuthCodeHandlerActivity"
88-->src/main/AndroidManifest.xml:53:13-70
89            android:exported="true"
89-->src/main/AndroidManifest.xml:54:13-36
90            android:launchMode="singleTask"
90-->src/main/AndroidManifest.xml:55:13-44
91            android:theme="@style/TransparentCompat" >
91-->[com.kakao.sdk:v2-auth:2.12.1] AndroidManifest.xml:19:13-53
92            <intent-filter>
92-->src/main/AndroidManifest.xml:56:13-65:29
93                <action android:name="android.intent.action.VIEW" />
93-->src/main/AndroidManifest.xml:57:17-69
93-->src/main/AndroidManifest.xml:57:25-66
94
95                <category android:name="android.intent.category.DEFAULT" />
95-->src/main/AndroidManifest.xml:59:17-76
95-->src/main/AndroidManifest.xml:59:27-73
96                <category android:name="android.intent.category.BROWSABLE" />
96-->src/main/AndroidManifest.xml:60:17-78
96-->src/main/AndroidManifest.xml:60:27-75
97
98                <data
98-->src/main/AndroidManifest.xml:62:17-64:73
99                    android:host="oauth"
99-->src/main/AndroidManifest.xml:63:21-41
100                    android:scheme="@string/kakao_redirection_scheme" />
100-->src/main/AndroidManifest.xml:64:21-70
101            </intent-filter>
102        </activity>
103        <activity
103-->[com.kakao.sdk:v2-auth:2.12.1] AndroidManifest.xml:10:9-15:56
104            android:name="com.kakao.sdk.auth.TalkAuthCodeActivity"
104-->[com.kakao.sdk:v2-auth:2.12.1] AndroidManifest.xml:11:13-67
105            android:configChanges="orientation|screenSize|keyboardHidden"
105-->[com.kakao.sdk:v2-auth:2.12.1] AndroidManifest.xml:12:13-74
106            android:exported="false"
106-->[com.kakao.sdk:v2-auth:2.12.1] AndroidManifest.xml:13:13-37
107            android:launchMode="singleTask"
107-->[com.kakao.sdk:v2-auth:2.12.1] AndroidManifest.xml:14:13-44
108            android:theme="@style/TransparentCompat" />
108-->[com.kakao.sdk:v2-auth:2.12.1] AndroidManifest.xml:15:13-53
109
110        <service
110-->[com.google.firebase:firebase-firestore-ktx:24.4.2] AndroidManifest.xml:11:9-17:19
111            android:name="com.google.firebase.components.ComponentDiscoveryService"
111-->[com.google.firebase:firebase-firestore-ktx:24.4.2] AndroidManifest.xml:12:13-84
112            android:directBootAware="true"
112-->[com.google.firebase:firebase-common:20.3.0] AndroidManifest.xml:34:13-43
113            android:exported="false" >
113-->[com.google.firebase:firebase-firestore-ktx:24.4.2] AndroidManifest.xml:13:13-37
114            <meta-data
114-->[com.google.firebase:firebase-firestore-ktx:24.4.2] AndroidManifest.xml:14:13-16:85
115                android:name="com.google.firebase.components:com.google.firebase.firestore.ktx.FirebaseFirestoreKtxRegistrar"
115-->[com.google.firebase:firebase-firestore-ktx:24.4.2] AndroidManifest.xml:15:17-126
116                android:value="com.google.firebase.components.ComponentRegistrar" />
116-->[com.google.firebase:firebase-firestore-ktx:24.4.2] AndroidManifest.xml:16:17-82
117            <meta-data
117-->[com.google.firebase:firebase-storage-ktx:20.1.0] AndroidManifest.xml:14:13-16:85
118                android:name="com.google.firebase.components:com.google.firebase.storage.ktx.FirebaseStorageKtxRegistrar"
118-->[com.google.firebase:firebase-storage-ktx:20.1.0] AndroidManifest.xml:15:17-122
119                android:value="com.google.firebase.components.ComponentRegistrar" />
119-->[com.google.firebase:firebase-storage-ktx:20.1.0] AndroidManifest.xml:16:17-82
120            <meta-data
120-->[com.google.firebase:firebase-database-ktx:20.1.0] AndroidManifest.xml:14:13-16:85
121                android:name="com.google.firebase.components:com.google.firebase.database.ktx.FirebaseDatabaseKtxRegistrar"
121-->[com.google.firebase:firebase-database-ktx:20.1.0] AndroidManifest.xml:15:17-124
122                android:value="com.google.firebase.components.ComponentRegistrar" />
122-->[com.google.firebase:firebase-database-ktx:20.1.0] AndroidManifest.xml:16:17-82
123            <meta-data
123-->[com.google.firebase:firebase-analytics-ktx:21.2.0] AndroidManifest.xml:11:13-13:85
124                android:name="com.google.firebase.components:com.google.firebase.analytics.ktx.FirebaseAnalyticsKtxRegistrar"
124-->[com.google.firebase:firebase-analytics-ktx:21.2.0] AndroidManifest.xml:12:17-126
125                android:value="com.google.firebase.components.ComponentRegistrar" />
125-->[com.google.firebase:firebase-analytics-ktx:21.2.0] AndroidManifest.xml:13:17-82
126            <meta-data
126-->[com.google.firebase:firebase-auth-ktx:21.1.0] AndroidManifest.xml:11:13-13:85
127                android:name="com.google.firebase.components:com.google.firebase.auth.ktx.FirebaseAuthKtxRegistrar"
127-->[com.google.firebase:firebase-auth-ktx:21.1.0] AndroidManifest.xml:12:17-116
128                android:value="com.google.firebase.components.ComponentRegistrar" />
128-->[com.google.firebase:firebase-auth-ktx:21.1.0] AndroidManifest.xml:13:17-82
129            <meta-data
129-->[com.google.firebase:firebase-common-ktx:20.3.0] AndroidManifest.xml:14:13-16:85
130                android:name="com.google.firebase.components:com.google.firebase.ktx.FirebaseCommonKtxRegistrar"
130-->[com.google.firebase:firebase-common-ktx:20.3.0] AndroidManifest.xml:15:17-113
131                android:value="com.google.firebase.components.ComponentRegistrar" />
131-->[com.google.firebase:firebase-common-ktx:20.3.0] AndroidManifest.xml:16:17-82
132            <meta-data
132-->[com.google.firebase:firebase-firestore:24.4.2] AndroidManifest.xml:19:13-21:85
133                android:name="com.google.firebase.components:com.google.firebase.firestore.FirestoreRegistrar"
133-->[com.google.firebase:firebase-firestore:24.4.2] AndroidManifest.xml:20:17-111
134                android:value="com.google.firebase.components.ComponentRegistrar" />
134-->[com.google.firebase:firebase-firestore:24.4.2] AndroidManifest.xml:21:17-82
135            <meta-data
135-->[com.google.firebase:firebase-storage:20.1.0] AndroidManifest.xml:32:13-34:85
136                android:name="com.google.firebase.components:com.google.firebase.storage.StorageRegistrar"
136-->[com.google.firebase:firebase-storage:20.1.0] AndroidManifest.xml:33:17-107
137                android:value="com.google.firebase.components.ComponentRegistrar" />
137-->[com.google.firebase:firebase-storage:20.1.0] AndroidManifest.xml:34:17-82
138            <meta-data
138-->[com.google.firebase:firebase-database:20.1.0] AndroidManifest.xml:31:13-33:85
139                android:name="com.google.firebase.components:com.google.firebase.database.DatabaseRegistrar"
139-->[com.google.firebase:firebase-database:20.1.0] AndroidManifest.xml:32:17-109
140                android:value="com.google.firebase.components.ComponentRegistrar" />
140-->[com.google.firebase:firebase-database:20.1.0] AndroidManifest.xml:33:17-82
141            <meta-data
141-->[com.google.firebase:firebase-auth:21.1.0] AndroidManifest.xml:67:13-69:85
142                android:name="com.google.firebase.components:com.google.firebase.auth.FirebaseAuthRegistrar"
142-->[com.google.firebase:firebase-auth:21.1.0] AndroidManifest.xml:68:17-109
143                android:value="com.google.firebase.components.ComponentRegistrar" />
143-->[com.google.firebase:firebase-auth:21.1.0] AndroidManifest.xml:69:17-82
144            <meta-data
144-->[com.google.android.gms:play-services-measurement-api:21.2.0] AndroidManifest.xml:31:13-33:85
145                android:name="com.google.firebase.components:com.google.firebase.analytics.connector.internal.AnalyticsConnectorRegistrar"
145-->[com.google.android.gms:play-services-measurement-api:21.2.0] AndroidManifest.xml:32:17-139
146                android:value="com.google.firebase.components.ComponentRegistrar" />
146-->[com.google.android.gms:play-services-measurement-api:21.2.0] AndroidManifest.xml:33:17-82
147            <meta-data
147-->[com.google.firebase:firebase-installations:17.1.0] AndroidManifest.xml:17:13-19:85
148                android:name="com.google.firebase.components:com.google.firebase.installations.FirebaseInstallationsRegistrar"
148-->[com.google.firebase:firebase-installations:17.1.0] AndroidManifest.xml:18:17-127
149                android:value="com.google.firebase.components.ComponentRegistrar" />
149-->[com.google.firebase:firebase-installations:17.1.0] AndroidManifest.xml:19:17-82
150        </service>
151
152        <activity
152-->[com.naver.maps:map-sdk:3.16.1] AndroidManifest.xml:21:9-25:51
153            android:name="com.naver.maps.map.app.LegendActivity"
153-->[com.naver.maps:map-sdk:3.16.1] AndroidManifest.xml:22:13-65
154            android:configChanges="screenSize|smallestScreenSize|screenLayout|orientation"
154-->[com.naver.maps:map-sdk:3.16.1] AndroidManifest.xml:23:13-91
155            android:label="@string/navermap_legend"
155-->[com.naver.maps:map-sdk:3.16.1] AndroidManifest.xml:24:13-52
156            android:theme="@style/navermap_app" />
156-->[com.naver.maps:map-sdk:3.16.1] AndroidManifest.xml:25:13-48
157        <activity
157-->[com.naver.maps:map-sdk:3.16.1] AndroidManifest.xml:26:9-30:51
158            android:name="com.naver.maps.map.app.LegalNoticeActivity"
158-->[com.naver.maps:map-sdk:3.16.1] AndroidManifest.xml:27:13-70
159            android:configChanges="screenSize|smallestScreenSize|screenLayout|orientation"
159-->[com.naver.maps:map-sdk:3.16.1] AndroidManifest.xml:28:13-91
160            android:label="@string/navermap_legal_notice"
160-->[com.naver.maps:map-sdk:3.16.1] AndroidManifest.xml:29:13-58
161            android:theme="@style/navermap_app" />
161-->[com.naver.maps:map-sdk:3.16.1] AndroidManifest.xml:30:13-48
162        <activity
162-->[com.naver.maps:map-sdk:3.16.1] AndroidManifest.xml:31:9-35:51
163            android:name="com.naver.maps.map.app.OpenSourceLicenseActivity"
163-->[com.naver.maps:map-sdk:3.16.1] AndroidManifest.xml:32:13-76
164            android:configChanges="screenSize|smallestScreenSize|screenLayout|orientation"
164-->[com.naver.maps:map-sdk:3.16.1] AndroidManifest.xml:33:13-91
165            android:label="@string/navermap_open_source_license"
165-->[com.naver.maps:map-sdk:3.16.1] AndroidManifest.xml:34:13-65
166            android:theme="@style/navermap_app" /> <!-- Needs to be explicitly declared on P+ -->
166-->[com.naver.maps:map-sdk:3.16.1] AndroidManifest.xml:35:13-48
167        <uses-library
167-->[com.google.android.gms:play-services-maps:18.1.0] AndroidManifest.xml:39:9-41:40
168            android:name="org.apache.http.legacy"
168-->[com.google.android.gms:play-services-maps:18.1.0] AndroidManifest.xml:40:13-50
169            android:required="false" />
169-->[com.google.android.gms:play-services-maps:18.1.0] AndroidManifest.xml:41:13-37
170
171        <activity
171-->[com.google.firebase:firebase-auth:21.1.0] AndroidManifest.xml:27:9-44:20
172            android:name="com.google.firebase.auth.internal.GenericIdpActivity"
172-->[com.google.firebase:firebase-auth:21.1.0] AndroidManifest.xml:28:13-80
173            android:excludeFromRecents="true"
173-->[com.google.firebase:firebase-auth:21.1.0] AndroidManifest.xml:29:13-46
174            android:exported="true"
174-->[com.google.firebase:firebase-auth:21.1.0] AndroidManifest.xml:30:13-36
175            android:launchMode="singleTask"
175-->[com.google.firebase:firebase-auth:21.1.0] AndroidManifest.xml:31:13-44
176            android:theme="@android:style/Theme.Translucent.NoTitleBar" >
176-->[com.google.firebase:firebase-auth:21.1.0] AndroidManifest.xml:32:13-72
177            <intent-filter>
177-->[com.google.firebase:firebase-auth:21.1.0] AndroidManifest.xml:33:13-43:29
178                <action android:name="android.intent.action.VIEW" />
178-->src/main/AndroidManifest.xml:57:17-69
178-->src/main/AndroidManifest.xml:57:25-66
179
180                <category android:name="android.intent.category.DEFAULT" />
180-->src/main/AndroidManifest.xml:59:17-76
180-->src/main/AndroidManifest.xml:59:27-73
181                <category android:name="android.intent.category.BROWSABLE" />
181-->src/main/AndroidManifest.xml:60:17-78
181-->src/main/AndroidManifest.xml:60:27-75
182
183                <data
183-->src/main/AndroidManifest.xml:62:17-64:73
184                    android:host="firebase.auth"
184-->src/main/AndroidManifest.xml:63:21-41
185                    android:path="/"
186                    android:scheme="genericidp" />
186-->src/main/AndroidManifest.xml:64:21-70
187            </intent-filter>
188        </activity>
189        <activity
189-->[com.google.firebase:firebase-auth:21.1.0] AndroidManifest.xml:45:9-62:20
190            android:name="com.google.firebase.auth.internal.RecaptchaActivity"
190-->[com.google.firebase:firebase-auth:21.1.0] AndroidManifest.xml:46:13-79
191            android:excludeFromRecents="true"
191-->[com.google.firebase:firebase-auth:21.1.0] AndroidManifest.xml:47:13-46
192            android:exported="true"
192-->[com.google.firebase:firebase-auth:21.1.0] AndroidManifest.xml:48:13-36
193            android:launchMode="singleTask"
193-->[com.google.firebase:firebase-auth:21.1.0] AndroidManifest.xml:49:13-44
194            android:theme="@android:style/Theme.Translucent.NoTitleBar" >
194-->[com.google.firebase:firebase-auth:21.1.0] AndroidManifest.xml:50:13-72
195            <intent-filter>
195-->[com.google.firebase:firebase-auth:21.1.0] AndroidManifest.xml:51:13-61:29
196                <action android:name="android.intent.action.VIEW" />
196-->src/main/AndroidManifest.xml:57:17-69
196-->src/main/AndroidManifest.xml:57:25-66
197
198                <category android:name="android.intent.category.DEFAULT" />
198-->src/main/AndroidManifest.xml:59:17-76
198-->src/main/AndroidManifest.xml:59:27-73
199                <category android:name="android.intent.category.BROWSABLE" />
199-->src/main/AndroidManifest.xml:60:17-78
199-->src/main/AndroidManifest.xml:60:27-75
200
201                <data
201-->src/main/AndroidManifest.xml:62:17-64:73
202                    android:host="firebase.auth"
202-->src/main/AndroidManifest.xml:63:21-41
203                    android:path="/"
204                    android:scheme="recaptcha" />
204-->src/main/AndroidManifest.xml:64:21-70
205            </intent-filter>
206        </activity>
207        <activity
207-->[com.google.android.gms:play-services-base:18.0.1] AndroidManifest.xml:20:9-22:45
208            android:name="com.google.android.gms.common.api.GoogleApiActivity"
208-->[com.google.android.gms:play-services-base:18.0.1] AndroidManifest.xml:20:19-85
209            android:exported="false"
209-->[com.google.android.gms:play-services-base:18.0.1] AndroidManifest.xml:22:19-43
210            android:theme="@android:style/Theme.Translucent.NoTitleBar" />
210-->[com.google.android.gms:play-services-base:18.0.1] AndroidManifest.xml:21:19-78
211
212        <provider
212-->[com.google.firebase:firebase-common:20.3.0] AndroidManifest.xml:25:9-30:39
213            android:name="com.google.firebase.provider.FirebaseInitProvider"
213-->[com.google.firebase:firebase-common:20.3.0] AndroidManifest.xml:26:13-77
214            android:authorities="com.hankim.smokingarea.firebaseinitprovider"
214-->[com.google.firebase:firebase-common:20.3.0] AndroidManifest.xml:27:13-72
215            android:directBootAware="true"
215-->[com.google.firebase:firebase-common:20.3.0] AndroidManifest.xml:28:13-43
216            android:exported="false"
216-->[com.google.firebase:firebase-common:20.3.0] AndroidManifest.xml:29:13-37
217            android:initOrder="100" />
217-->[com.google.firebase:firebase-common:20.3.0] AndroidManifest.xml:30:13-36
218
219        <receiver
219-->[com.google.android.gms:play-services-measurement:21.2.0] AndroidManifest.xml:29:9-33:20
220            android:name="com.google.android.gms.measurement.AppMeasurementReceiver"
220-->[com.google.android.gms:play-services-measurement:21.2.0] AndroidManifest.xml:30:13-85
221            android:enabled="true"
221-->[com.google.android.gms:play-services-measurement:21.2.0] AndroidManifest.xml:31:13-35
222            android:exported="false" >
222-->[com.google.android.gms:play-services-measurement:21.2.0] AndroidManifest.xml:32:13-37
223        </receiver>
224
225        <service
225-->[com.google.android.gms:play-services-measurement:21.2.0] AndroidManifest.xml:35:9-38:40
226            android:name="com.google.android.gms.measurement.AppMeasurementService"
226-->[com.google.android.gms:play-services-measurement:21.2.0] AndroidManifest.xml:36:13-84
227            android:enabled="true"
227-->[com.google.android.gms:play-services-measurement:21.2.0] AndroidManifest.xml:37:13-35
228            android:exported="false" />
228-->[com.google.android.gms:play-services-measurement:21.2.0] AndroidManifest.xml:38:13-37
229        <service
229-->[com.google.android.gms:play-services-measurement:21.2.0] AndroidManifest.xml:39:9-43:72
230            android:name="com.google.android.gms.measurement.AppMeasurementJobService"
230-->[com.google.android.gms:play-services-measurement:21.2.0] AndroidManifest.xml:40:13-87
231            android:enabled="true"
231-->[com.google.android.gms:play-services-measurement:21.2.0] AndroidManifest.xml:41:13-35
232            android:exported="false"
232-->[com.google.android.gms:play-services-measurement:21.2.0] AndroidManifest.xml:42:13-37
233            android:permission="android.permission.BIND_JOB_SERVICE" />
233-->[com.google.android.gms:play-services-measurement:21.2.0] AndroidManifest.xml:43:13-69
234
235        <meta-data
235-->[com.google.android.gms:play-services-basement:18.1.0] AndroidManifest.xml:21:9-23:69
236            android:name="com.google.android.gms.version"
236-->[com.google.android.gms:play-services-basement:18.1.0] AndroidManifest.xml:22:13-58
237            android:value="@integer/google_play_services_version" />
237-->[com.google.android.gms:play-services-basement:18.1.0] AndroidManifest.xml:23:13-66
238
239        <uses-library
239-->[androidx.window:window:1.0.0] AndroidManifest.xml:25:9-27:40
240            android:name="androidx.window.extensions"
240-->[androidx.window:window:1.0.0] AndroidManifest.xml:26:13-54
241            android:required="false" />
241-->[androidx.window:window:1.0.0] AndroidManifest.xml:27:13-37
242        <uses-library
242-->[androidx.window:window:1.0.0] AndroidManifest.xml:28:9-30:40
243            android:name="androidx.window.sidecar"
243-->[androidx.window:window:1.0.0] AndroidManifest.xml:29:13-51
244            android:required="false" />
244-->[androidx.window:window:1.0.0] AndroidManifest.xml:30:13-37
245
246        <service
246-->[androidx.room:room-runtime:2.4.0] AndroidManifest.xml:25:9-28:40
247            android:name="androidx.room.MultiInstanceInvalidationService"
247-->[androidx.room:room-runtime:2.4.0] AndroidManifest.xml:26:13-74
248            android:directBootAware="true"
248-->[androidx.room:room-runtime:2.4.0] AndroidManifest.xml:27:13-43
249            android:exported="false" />
249-->[androidx.room:room-runtime:2.4.0] AndroidManifest.xml:28:13-37
250
251        <provider
251-->[androidx.emoji2:emoji2:1.2.0] AndroidManifest.xml:24:9-32:20
252            android:name="androidx.startup.InitializationProvider"
252-->[androidx.emoji2:emoji2:1.2.0] AndroidManifest.xml:25:13-67
253            android:authorities="com.hankim.smokingarea.androidx-startup"
253-->[androidx.emoji2:emoji2:1.2.0] AndroidManifest.xml:26:13-68
254            android:exported="false" >
254-->[androidx.emoji2:emoji2:1.2.0] AndroidManifest.xml:27:13-37
255            <meta-data
255-->[androidx.emoji2:emoji2:1.2.0] AndroidManifest.xml:29:13-31:52
256                android:name="androidx.emoji2.text.EmojiCompatInitializer"
256-->[androidx.emoji2:emoji2:1.2.0] AndroidManifest.xml:30:17-75
257                android:value="androidx.startup" />
257-->[androidx.emoji2:emoji2:1.2.0] AndroidManifest.xml:31:17-49
258            <meta-data
258-->[androidx.lifecycle:lifecycle-process:2.4.1] AndroidManifest.xml:31:13-33:52
259                android:name="androidx.lifecycle.ProcessLifecycleInitializer"
259-->[androidx.lifecycle:lifecycle-process:2.4.1] AndroidManifest.xml:32:17-78
260                android:value="androidx.startup" />
260-->[androidx.lifecycle:lifecycle-process:2.4.1] AndroidManifest.xml:33:17-49
261        </provider>
262    </application>
263
264</manifest>